Diagnose log at 2026-07-23T14:38:12Z

AppPath: C:\Program Files\Git\mingw64\bin\git-credential-manager.exe
InstallDir: C:\Program Files\Git\mingw64\bin\
Version: 2.4.1

------------
Diagnostic: Environment
Skipped: False
Success: True
Exception: None
Log:
OSType: Windows
OSVersion: 10.0 (build 19045)
Reading environment variables... OK
 Variables:
HOMEPATH=\Users\Pc3_Dev
DriverData=C:\Windows\System32\Drivers\DriverData
COMPUTERNAME=PC3DEV
GIT_TRACE2_PARENT_SID=74316d54-7131-4cd5-ab4f-0e4575b40296
CommonProgramFiles(x86)=C:\Program Files (x86)\Common Files
OneDrive=C:\Users\Pc3_Promação\OneDrive
ChocolateyLastPathUpdate=133499975001770589
SESSIONNAME=Console
TMP=C:\Users\Pc3_Dev\AppData\Local\Temp
PROCESSOR_REVISION=9e09
PATHEXT=.COM;.EXE;.BAT;.CMD;.VBS;.VBE;.JS;.JSE;.WSF;.WSH;.MSC;.CPL
GIT_ASKPASS=c:\Users\Pc3_Dev\AppData\Roaming\Code\User\globalStorage\vscode.git\askpass\493597c785d4c5cb\askpass.sh
GIT_EXEC_PATH=C:/Program Files/Git/mingw64/libexec/git-core
TEMP=C:\Users\Pc3_Dev\AppData\Local\Temp
LOCALAPPDATA=C:\Users\Pc3_Dev\AppData\Local
MSYSTEM=MINGW64
TERM=xterm-256color
NEWRELIC_INSTALL_PATH=C:\Program Files\New Relic\.NET Agent\
VSCODE_PYTHON_AUTOACTIVATE_GUARD=1
ProgramW6432=C:\Program Files
JAVA_HOME=C:\Program Files\Java\jre1.8.0_221
USERDOMAIN=PC3DEV
JetBrains Rider=C:\Program Files\JetBrains\JetBrains Rider 2024.3\bin;
Path=C:/Program Files/Git/mingw64/libexec/git-core;C:\Program Files\Git\mingw64\bin;C:\Program Files\Git\usr\bin;C:\Users\Pc3_Dev\bin;C:\Program Files (x86)\Common Files\Oracle\Java\java8path;C:\Program Files (x86)\Common Files\Oracle\Java\javapath;"C:\Program Files\Java\jre1.8.0_221\bin;";C:\Windows\system32;C:\Windows;C:\Windows\System32\Wbem;C:\Windows\System32\WindowsPowerShell\v1.0\;C:\Windows\System32\OpenSSH\;C:\Program Files\Microsoft SQL Server\150\Tools\Binn\;C:\Program Files\Microsoft SQL Server\Client SDK\ODBC\170\Tools\Binn\;C:\Program Files\PuTTY\;C:\ProgramData\chocolatey\bin;C:\Program Files\Git\cmd;C:\Program Files\Docker\Docker\resources\bin;C:\Program Files (x86)\WinMerge;C:\Program Files (x86)\Windows Kits\10\Windows Performance Toolkit\;C:\Program Files (x86)\HP\HP OCR\DB_Lib\;C:\Program Files\HP\Common\HPDestPlgIn\;C:\Program Files (x86)\HP\Common\HPDestPlgIn\;C:\Users\Pc3_Dev\AppData\Roaming\Python\Scripts;c:\users\pc3_dev\appdata\local\programs\python\python311\lib\site-packages;C:\Users\Pc3_Dev\AppData\Roaming\Python\Python311\Scripts;C:\Users\Pc3_Dev\AppData\Roaming\npm\node_modules\yarn\bin;%NVM_HOME%;%NVM_SYMLINK%;C:\Program Files\dotnet\;C:\Program Files\nodejs\;C:\Users\Pc3_Dev\AppData\Local\Microsoft\WindowsApps;C:\Program Files\New Relic\New Relic CLI\;C:\Users\Pc3_Promação\AppData\Roaming\npm;C:\Users\Pc3_Dev\AppData\Local\Programs\Microsoft VS Code\bin;C:\Program Files\HP\Common\HPDestPlgIn\;C:\Program Files (x86)\HP\Common\HPDestPlgIn\;c:\users\pc3_dev\.local\bin;C:\Users\Pc3_Dev\AppData\Roaming\nvm;C:\Program Files\nodejs;C:\Program Files\JetBrains\JetBrains Rider 2024.3\bin;;C:\Users\Pc3_Dev\.dotnet\tools;C:\Program Files (x86)\Nmap;C:\Users\Pc3_Dev\AppData\Local\Programs\Python\Python311;C:\Users\Pc3_Dev\AppData\Local\Programs\Python\Python311\Scripts;C:\Users\Pc3_Dev\AppData\Roaming\npm
TERM_PROGRAM=vscode
PROCESSOR_LEVEL=6
PROCESSOR_IDENTIFIER=Intel64 Family 6 Model 158 Stepping 9, GenuineIntel
TMPDIR=C:\Users\Pc3_Dev\AppData\Local\Temp
VSCODE_GIT_ASKPASS_EXTRA_ARGS=
TERM_PROGRAM_VERSION=1.124.2
VSCODE_GIT_ASKPASS_MAIN=c:\Users\Pc3_Dev\AppData\Roaming\Code\User\globalStorage\vscode.git\askpass\493597c785d4c5cb\askpass-main.js
CORECLR_NEWRELIC_HOME=C:\ProgramData\New Relic\.NET Agent\
ProgramFiles(x86)=C:\Program Files (x86)
PUBLIC=C:\Users\Public
NUMBER_OF_PROCESSORS=4
CommonProgramFiles=C:\Program Files (x86)\Common Files
VSCODE_INJECTION=1
VSCODE_GIT_IPC_HANDLE=\\.\pipe\vscode-git-ce492f8342-sock
CHROME_CRASHPAD_PIPE_NAME=\\.\pipe\crashpad_15128_CWLVQSQWKJVDLPXZ
ProgramFiles=C:\Program Files (x86)
ProgramData=C:\ProgramData
MSYS=disable_pcon
ChocolateyInstall=C:\ProgramData\chocolatey
PLINK_PROTOCOL=ssh
VSCODE_GIT_ASKPASS_NODE=C:\Users\Pc3_Dev\AppData\Local\Programs\Microsoft VS Code\Code.exe
SystemRoot=C:\Windows
NVM_SYMLINK=C:\Program Files\nodejs
NVM_HOME=C:\Users\Pc3_Dev\AppData\Roaming\nvm
HOME=C:\Users\Pc3_Dev
CommonProgramW6432=C:\Program Files\Common Files
ZES_ENABLE_SYSMAN=1
LOGONSERVER=\\PC3DEV
CORECLR_ENABLE_PROFILING=1
COLORTERM=truecolor
USERDOMAIN_ROAMINGPROFILE=PC3DEV
APPDATA=C:\Users\Pc3_Dev\AppData\Roaming
HOMEDRIVE=C:
CORECLR_PROFILER={36032161-FFC0-4B61-B559-F6C5D41BAE5A}
PSModulePath=C:\Users\Pc3_Dev\Documents\WindowsPowerShell\Modules;C:\Program Files\WindowsPowerShell\Modules;C:\Windows\system32\WindowsPowerShell\v1.0\Modules
VBOX_MSI_INSTALL_PATH=C:\Program Files\Oracle\VirtualBox\
USERNAME=Pc3_Dev
PROCESSOR_ARCHITEW6432=AMD64
PROCESSOR_ARCHITECTURE=x86
USERPROFILE=C:\Users\Pc3_Dev
OS=Windows_NT
ComSpec=C:\Windows\system32\cmd.exe
SystemDrive=C:
windir=C:\Windows
LANG=en_US.UTF-8
ALLUSERSPROFILE=C:\ProgramData


------------
Diagnostic: File system
Skipped: False
Success: True
Exception: None
Log:
Temporary directory is 'C:\Users\Pc3_Dev\AppData\Local\Temp\'...
Checking basic file I/O...
Writing to temporary file 'C:\Users\Pc3_Dev\AppData\Local\Temp\580c4ffe82d5622a797443ca'... OK
Reading from temporary file 'C:\Users\Pc3_Dev\AppData\Local\Temp\580c4ffe82d5622a797443ca'... OK
Deleting temporary file 'C:\Users\Pc3_Dev\AppData\Local\Temp\580c4ffe82d5622a797443ca'... OK
Testing IFileSystem instance...
UserHomePath: C:\Users\Pc3_Dev
UserDataDirectoryPath: C:\Users\Pc3_Dev\.gcm
GetCurrentDirectory(): C:\Users\Pc3_Dev\Documents\utanihur

------------
Diagnostic: Networking
Skipped: False
Success: True
Exception: None
Log:
Checking networking and HTTP stack...
Creating HTTP client... OK
IsNetworkAvailable: True
Sending HEAD request to http://example.com...Sending HEAD request to https://example.com... OK
 OK
Acquiring free TCP port... OK
Testing local HTTP loopback connections...
Creating new HTTP listener for http://localhost:54149/... OK
Waiting for loopback connection... OK
Writing response... OK
Waiting for response data... OK
Loopback connection data OK

------------
Diagnostic: Git
Skipped: False
Success: True
Exception: None
Log:
Getting Git version... OK
Git version is '2.43.0.windows.1'
Locating current repository... OK
Git repository at 'C:/Users/Pc3_Dev/Documents/utanihur/.git'
Listing all Git configuration... OK
Git configuration:
file:C:/Program Files/Git/etc/gitconfig	diff.astextplain.textconv=astextplain
file:C:/Program Files/Git/etc/gitconfig	filter.lfs.clean=git-lfs clean -- %f
file:C:/Program Files/Git/etc/gitconfig	filter.lfs.smudge=git-lfs smudge -- %f
file:C:/Program Files/Git/etc/gitconfig	filter.lfs.process=git-lfs filter-process
file:C:/Program Files/Git/etc/gitconfig	filter.lfs.required=true
file:C:/Program Files/Git/etc/gitconfig	http.sslbackend=openssl
file:C:/Program Files/Git/etc/gitconfig	http.sslcainfo=C:/Program Files/Git/mingw64/etc/ssl/certs/ca-bundle.crt
file:C:/Program Files/Git/etc/gitconfig	core.autocrlf=true
file:C:/Program Files/Git/etc/gitconfig	core.fscache=true
file:C:/Program Files/Git/etc/gitconfig	core.symlinks=false
file:C:/Program Files/Git/etc/gitconfig	pull.rebase=false
file:C:/Program Files/Git/etc/gitconfig	credential.helper=manager
file:C:/Program Files/Git/etc/gitconfig	credential.https://dev.azure.com.usehttppath=true
file:C:/Program Files/Git/etc/gitconfig	init.defaultbranch=master
file:C:/Users/Pc3_Dev/.gitconfig	user.email=felipe.sousa@c4sistemas.com.br
file:C:/Users/Pc3_Dev/.gitconfig	user.name=FeC4sistemas
file:C:/Users/Pc3_Dev/.gitconfig	credential.helper=manager
file:.git/config	core.repositoryformatversion=0
file:.git/config	core.filemode=false
file:.git/config	core.bare=false
file:.git/config	core.logallrefupdates=true
file:.git/config	core.symlinks=false
file:.git/config	core.ignorecase=true
file:.git/config	remote.origin.url=https://github.com/FeCanuto/exevo-pan-rubinot.git
file:.git/config	remote.origin.fetch=+refs/heads/*:refs/remotes/origin/*


------------
Diagnostic: Credential storage
Skipped: False
Success: True
Exception: None
Log:
ICredentialStore instance is of type: CredentialStore
Writing test credential... OK
Reading test credential... OK
Deleting test credential... OK

------------
Diagnostic: Microsoft authentication (AAD/MSA)
Skipped: False
Success: True
Exception: None
Log:
Broker is not enabled.
Flow type is: Auto
Gathering MSAL token cache data... OK
CacheDirectory: C:\Users\Pc3_Dev\AppData\Local\.IdentityService
CacheFileName: msal.cache
CacheFilePath: C:\Users\Pc3_Dev\AppData\Local\.IdentityService\msal.cache
Creating cache helper... OK
Verifying MSAL token cache persistence... OK

------------
Diagnostic: GitHub API
Skipped: False
Success: True
Exception: None
Log:
Using 'https://github.com/' as API target.
Querying '/meta' endpoint... OK

